{"numTotalTestSuites":150,"numPassedTestSuites":148,"numFailedTestSuites":0,"numPendingTestSuites":2,"numTotalTests":424,"numPassedTests":411,"numFailedTests":0,"numPendingTests":1,"numTodoTests":0,"snapshot":{"added":0,"failure":false,"filesAdded":0,"filesRemoved":0,"filesRemovedList":[],"filesUnmatched":0,"filesUpdated":0,"matched":0,"total":0,"unchecked":0,"uncheckedKeysByFile":[],"unmatched":0,"updated":0,"didUpdate":false},"startTime":1787343876760,"success":true,"testResults":[{"assertionResults":[{"ancestorTitles":["apiClient","postChatCompletion"],"fullName":"apiClient postChatCompletion POSTs to /api/ai with the session token header","status":"passed","title":"POSTs to /api/ai with the session token header","duration":8.838700000000244,"failureMessages":[],"meta":{},"tags":[]},{"ancestorTitles":["apiClient","postChatCompletion"],"fullName":"apiClient postChatCompletion moves customApiKey from the body into the x-api-key header","status":"passed","title":"moves customApiKey from the body into the x-api-key header","duration":2.118800000000192,"failureMessages":[],"meta":{},"tags":[]},{"ancestorTitles":["apiClient","postChatCompletion"],"fullName":"apiClient postChatCompletion omits the x-api-key header when no key is provided","status":"passed","title":"omits the x-api-key header when no key is provided","duration":1.8998999999998887,"failureMessages":[],"meta":{},"tags":[]},{"ancestorTitles":["apiClient","postChatCompletion"],"fullName":"apiClient postChatCompletion forwards an AbortSignal","status":"passed","title":"forwards an AbortSignal","duration":1.1329999999998108,"failureMessages":[],"meta":{},"tags":[]},{"ancestorTitles":["apiClient","postChatCompletion"],"fullName":"apiClient postChatCompletion throws ApiRequestError with upstream details on non-2xx JSON errors","status":"passed","title":"throws ApiRequestError with upstream details on non-2xx JSON errors","duration":15.379500000000007,"failureMessages":[],"meta":{},"tags":[]},{"ancestorTitles":["apiClient","postChatCompletion"],"fullName":"apiClient postChatCompletion falls back to a generic message when the error body is not JSON","status":"passed","title":"falls back to a generic message when the error body is not JSON","duration":3.860700000000179,"failureMessages":[],"meta":{},"tags":[]},{"ancestorTitles":["apiClient","postChatCompletion"],"fullName":"apiClient postChatCompletion wraps network failures without losing AbortError","status":"passed","title":"wraps network failures without losing AbortError","duration":3.0891999999998916,"failureMessages":[],"meta":{},"tags":[]},{"ancestorTitles":["apiClient","postChatCompletion"],"fullName":"apiClient postChatCompletion wraps non-abort network failures in ApiRequestError","status":"passed","title":"wraps non-abort network failures in ApiRequestError","duration":2.8825999999999112,"failureMessages":[],"meta":{},"tags":[]},{"ancestorTitles":["apiClient","postChatCompletion"],"fullName":"apiClient postChatCompletion directBaseUrl calls the runtime straight from the browser with Bearer auth","status":"passed","title":"directBaseUrl calls the runtime straight from the browser with Bearer auth","duration":2.5938999999998487,"failureMessages":[],"meta":{},"tags":[]},{"ancestorTitles":["apiClient","postChatCompletion"],"fullName":"apiClient postChatCompletion direct-mode network failures produce a CORS-friendly message","status":"passed","title":"direct-mode network failures produce a CORS-friendly message","duration":1.7199999999998,"failureMessages":[],"meta":{},"tags":[]},{"ancestorTitles":["apiClient","requestCompletion"],"fullName":"apiClient requestCompletion sends stream:false and returns the parsed completion","status":"passed","title":"sends stream:false and returns the parsed completion","duration":3.5041000000001077,"failureMessages":[],"meta":{},"tags":[]},{"ancestorTitles":["apiClient","extractCompletionText"],"fullName":"apiClient extractCompletionText returns the assistant text when present","status":"passed","title":"returns the assistant text when present","duration":0.5695999999998094,"failureMessages":[],"meta":{},"tags":[]},{"ancestorTitles":["apiClient","extractCompletionText"],"fullName":"apiClient extractCompletionText returns null for missing or non-string content","status":"passed","title":"returns null for missing or non-string content","duration":0.6291000000001077,"failureMessages":[],"meta":{},"tags":[]}],"startTime":1787343884511,"endTime":1787343884561.6292,"status":"passed","message":"","name":"C:/Users/del/AppData/Roaming/Projects/libre-assistant/tests/apiClient.test.js"},{"assertionResults":[{"ancestorTitles":["DEFAULT_MODEL_ID"],"fullName":"DEFAULT_MODEL_ID points to a real model in the catalog","status":"passed","title":"points to a real model in the catalog","duration":10.194100000000162,"failureMessages":[],"meta":{},"tags":[]},{"ancestorTitles":["findModelById"],"fullName":"findModelById finds a model at the top level","status":"passed","title":"finds a model at the top level","duration":0.8649000000000342,"failureMessages":[],"meta":{},"tags":[]},{"ancestorTitles":["findModelById"],"fullName":"findModelById recurses into nested category arrays","status":"passed","title":"recurses into nested category arrays","duration":1.469000000000051,"failureMessages":[],"meta":{},"tags":[]},{"ancestorTitles":["findModelById"],"fullName":"findModelById returns null when the id is not found","status":"passed","title":"returns null when the id is not found","duration":0.6144000000003871,"failureMessages":[],"meta":{},"tags":[]},{"ancestorTitles":["findModelById"],"fullName":"findModelById returns null for non-array input","status":"passed","title":"returns null for non-array input","duration":1.7643000000002758,"failureMessages":[],"meta":{},"tags":[]},{"ancestorTitles":["findModelById"],"fullName":"findModelById finds real catalog models (spot checks)","status":"passed","title":"finds real catalog models (spot checks)","duration":1.1194000000000415,"failureMessages":[],"meta":{},"tags":[]},{"ancestorTitles":["normalizeReasoningConfig"],"fullName":"normalizeReasoningConfig returns the config as-is when already in the new schema","status":"passed","title":"returns the config as-is when already in the new schema","duration":1.0540999999998348,"failureMessages":[],"meta":{},"tags":[]},{"ancestorTitles":["normalizeReasoningConfig"],"fullName":"normalizeReasoningConfig maps legacy false to { supported: false }","status":"passed","title":"maps legacy false to { supported: false }","duration":2.3688999999999396,"failureMessages":[],"meta":{},"tags":[]},{"ancestorTitles":["normalizeReasoningConfig"],"fullName":"normalizeReasoningConfig maps legacy true to { supported: true, toggleable: false }","status":"passed","title":"maps legacy true to { supported: true, toggleable: false }","duration":1.8859000000002197,"failureMessages":[],"meta":{},"tags":[]},{"ancestorTitles":["normalizeReasoningConfig"],"fullName":"normalizeReasoningConfig maps legacy true + extra_parameters.reasoning_effort to an effort config","status":"passed","title":"maps legacy true + extra_parameters.reasoning_effort to an effort config","duration":0.9929999999999382,"failureMessages":[],"meta":{},"tags":[]},{"ancestorTitles":["normalizeReasoningConfig"],"fullName":"normalizeReasoningConfig maps legacy [true, false] to a toggleable config with defaultEnabled true","status":"passed","title":"maps legacy [true, false] to a toggleable config with defaultEnabled true","duration":0.6354000000001179,"failureMessages":[],"meta":{},"tags":[]},{"ancestorTitles":["normalizeReasoningConfig"],"fullName":"normalizeReasoningConfig maps legacy 'model-id' string to a toggleable + alternateModel config","status":"passed","title":"maps legacy 'model-id' string to a toggleable + alternateModel config","duration":1.047900000000027,"failureMessages":[],"meta":{},"tags":[]},{"ancestorTitles":["normalizeReasoningConfig"],"fullName":"normalizeReasoningConfig falls back to { supported: false } for unknown shapes","status":"passed","title":"falls back to { supported: false } for unknown shapes","duration":0.851100000000315,"failureMessages":[],"meta":{},"tags":[]},{"ancestorTitles":["showReasoningToggle"],"fullName":"showReasoningToggle is true only for supported + toggleable models","status":"passed","title":"is true only for supported + toggleable models","duration":0.6530999999999949,"failureMessages":[],"meta":{},"tags":[]},{"ancestorTitles":["showReasoningEffortSelector"],"fullName":"showReasoningEffortSelector is true when effort.levels is a non-empty array","status":"passed","title":"is true when effort.levels is a non-empty array","duration":0.431999999999789,"failureMessages":[],"meta":{},"tags":[]},{"ancestorTitles":["showReasoningEffortSelector"],"fullName":"showReasoningEffortSelector is falsy when effort is missing","status":"passed","title":"is falsy when effort is missing","duration":0.3813000000000102,"failureMessages":[],"meta":{},"tags":[]},{"ancestorTitles":["showReasoningEffortSelector"],"fullName":"showReasoningEffortSelector is falsy when levels is an empty array","status":"passed","title":"is falsy when levels is an empty array","duration":0.30809999999974025,"failureMessages":[],"meta":{},"tags":[]},{"ancestorTitles":["showReasoningEffortSelector"],"fullName":"showReasoningEffortSelector is false for unsupported models regardless of effort","status":"passed","title":"is false for unsupported models regardless of effort","duration":0.29939999999987776,"failureMessages":[],"meta":{},"tags":[]},{"ancestorTitles":["getDefaultReasoningEffort"],"fullName":"getDefaultReasoningEffort returns the configured default","status":"passed","title":"returns the configured default","duration":0.48270000000002256,"failureMessages":[],"meta":{},"tags":[]},{"ancestorTitles":["getDefaultReasoningEffort"],"fullName":"getDefaultReasoningEffort falls back to 'default' when no effort config exists","status":"passed","title":"falls back to 'default' when no effort config exists","duration":0.3791999999998552,"failureMessages":[],"meta":{},"tags":[]},{"ancestorTitles":["getDefaultReasoningEffort"],"fullName":"getDefaultReasoningEffort returns 'none' for toggleable models with defaultEnabled: false","status":"passed","title":"returns 'none' for toggleable models with defaultEnabled: false","duration":0.606199999999717,"failureMessages":[],"meta":{},"tags":[]},{"ancestorTitles":["getDefaultReasoningEffort"],"fullName":"getDefaultReasoningEffort returns 'default' for toggleable models without effort config","status":"passed","title":"returns 'default' for toggleable models without effort config","duration":0.37229999999999563,"failureMessages":[],"meta":{},"tags":[]},{"ancestorTitles":["getDefaultReasoningEffort"],"fullName":"getDefaultReasoningEffort returns 'none' for toggleable models without effort config and defaultEnabled: false","status":"passed","title":"returns 'none' for toggleable models without effort config and defaultEnabled: false","duration":0.4994000000001506,"failureMessages":[],"meta":{},"tags":[]},{"ancestorTitles":["getReasoningEffortOptions"],"fullName":"getReasoningEffortOptions returns effort levels for always-on models","status":"passed","title":"returns effort levels for always-on models","duration":0.9726000000000568,"failureMessages":[],"meta":{},"tags":[]},{"ancestorTitles":["getReasoningEffortOptions"],"fullName":"getReasoningEffortOptions prepends 'none' for toggleable models with effort levels","status":"passed","title":"prepends 'none' for toggleable models with effort levels","duration":0.7739999999998872,"failureMessages":[],"meta":{},"tags":[]},{"ancestorTitles":["getReasoningEffortOptions"],"fullName":"getReasoningEffortOptions returns an empty array for models without effort config","status":"passed","title":"returns an empty array for models without effort config","duration":0.7613999999998668,"failureMessages":[],"meta":{},"tags":[]},{"ancestorTitles":["formatReasoningLabel"],"fullName":"formatReasoningLabel formats known effort values","status":"passed","title":"formats known effort values","duration":0.938499999999749,"failureMessages":[],"meta":{},"tags":[]},{"ancestorTitles":["formatReasoningLabel"],"fullName":"formatReasoningLabel handles empty values","status":"passed","title":"handles empty values","duration":0.5093000000001666,"failureMessages":[],"meta":{},"tags":[]},{"ancestorTitles":["isReasoningEnabled"],"fullName":"isReasoningEnabled returns false for unsupported models","status":"passed","title":"returns false for unsupported models","duration":0.40750000000025466,"failureMessages":[],"meta":{},"tags":[]},{"ancestorTitles":["isReasoningEnabled"],"fullName":"isReasoningEnabled returns true for non-toggleable models regardless of userEffort","status":"passed","title":"returns true for non-toggleable models regardless of userEffort","duration":0.2893000000003667,"failureMessages":[],"meta":{},"tags":[]},{"ancestorTitles":["isReasoningEnabled"],"fullName":"isReasoningEnabled returns false for toggleable models when userEffort is 'none'","status":"passed","title":"returns false for toggleable models when userEffort is 'none'","duration":0.2796999999995933,"failureMessages":[],"meta":{},"tags":[]},{"ancestorTitles":["isReasoningEnabled"],"fullName":"isReasoningEnabled returns true for toggleable models when userEffort is anything else","status":"passed","title":"returns true for toggleable models when userEffort is anything else","duration":0.32609999999976935,"failureMessages":[],"meta":{},"tags":[]},{"ancestorTitles":["buildReasoningParams"],"fullName":"buildReasoningParams returns nulls for unsupported models","status":"passed","title":"returns nulls for unsupported models","duration":0.7099000000002889,"failureMessages":[],"meta":{},"tags":[]},{"ancestorTitles":["buildReasoningParams"],"fullName":"buildReasoningParams routes to alternateModel when toggleable model is enabled","status":"passed","title":"routes to alternateModel when toggleable model is enabled","duration":0.4655000000002474,"failureMessages":[],"meta":{},"tags":[]},{"ancestorTitles":["buildReasoningParams"],"fullName":"buildReasoningParams does NOT route when toggleable model is disabled (effort = 'none')","status":"passed","title":"does NOT route when toggleable model is disabled (effort = 'none')","duration":3.4395999999997002,"failureMessages":[],"meta":{},"tags":[]},{"ancestorTitles":["buildReasoningParams"],"fullName":"buildReasoningParams sends { enabled: true } for toggleable models (no alternateModel, no effort)","status":"passed","title":"sends { enabled: true } for toggleable models (no alternateModel, no effort)","duration":0.5443999999997686,"failureMessages":[],"meta":{},"tags":[]},{"ancestorTitles":["buildReasoningParams"],"fullName":"buildReasoningParams sends { enabled: true, effort } for toggleable models with effort config","status":"passed","title":"sends { enabled: true, effort } for toggleable models with effort config","duration":0.48149999999986903,"failureMessages":[],"meta":{},"tags":[]},{"ancestorTitles":["buildReasoningParams"],"fullName":"buildReasoningParams sends { enabled: false } for toggleable models with effort config when effort is 'none'","status":"passed","title":"sends { enabled: false } for toggleable models with effort config when effort is 'none'","duration":0.38540000000011787,"failureMessages":[],"meta":{},"tags":[]},{"ancestorTitles":["buildReasoningParams"],"fullName":"buildReasoningParams sends { effort: <value> } for always-on models with effort config (no 'enabled')","status":"passed","title":"sends { effort: <value> } for always-on models with effort config (no 'enabled')","duration":0.42539999999962674,"failureMessages":[],"meta":{},"tags":[]},{"ancestorTitles":["buildReasoningParams"],"fullName":"buildReasoningParams sends nothing for always-on models with no effort override (API default)","status":"passed","title":"sends nothing for always-on models with no effort override (API default)","duration":0.3995999999997366,"failureMessages":[],"meta":{},"tags":[]},{"ancestorTitles":["buildReasoningParams"],"fullName":"buildReasoningParams sends nothing for always-on models without effort config","status":"passed","title":"sends nothing for always-on models without effort config","duration":0.3631000000000313,"failureMessages":[],"meta":{},"tags":[]},{"ancestorTitles":["supportsToolUse"],"fullName":"supportsToolUse returns true when tool_use is explicitly true","status":"passed","title":"returns true when tool_use is explicitly true","duration":0.44030000000020664,"failureMessages":[],"meta":{},"tags":[]},{"ancestorTitles":["supportsToolUse"],"fullName":"supportsToolUse returns false when tool_use is explicitly false","status":"passed","title":"returns false when tool_use is explicitly false","duration":0.29470000000037544,"failureMessages":[],"meta":{},"tags":[]},{"ancestorTitles":["supportsToolUse"],"fullName":"supportsToolUse returns true when tool_use is undefined (default behavior, matches message.js)","status":"passed","title":"returns true when tool_use is undefined (default behavior, matches message.js)","duration":0.49870000000009895,"failureMessages":[],"meta":{},"tags":[]},{"ancestorTitles":["supportsToolUse"],"fullName":"supportsToolUse matches the server-side check in message.js for null / undefined model","status":"passed","title":"matches the server-side check in message.js for null / undefined model","duration":0.4033999999996922,"failureMessages":[],"meta":{},"tags":[]},{"ancestorTitles":["supportsToolUse"],"fullName":"supportsToolUse ignores other properties on the model","status":"passed","title":"ignores other properties on the model","duration":0.7626000000000204,"failureMessages":[],"meta":{},"tags":[]},{"ancestorTitles":["supportsToolUse"],"fullName":"supportsToolUse matches the catalog's tool_use: false models","status":"passed","title":"matches the catalog's tool_use: false models","duration":1.5835000000001855,"failureMessages":[],"meta":{},"tags":[]},{"ancestorTitles":["supportsToolUse"],"fullName":"supportsToolUse matches the catalog's tool_use: true models","status":"passed","title":"matches the catalog's tool_use: true models","duration":1.2132999999998901,"failureMessages":[],"meta":{},"tags":[]},{"ancestorTitles":["supportsToolUse"],"fullName":"supportsToolUse treats catalog models without a tool_use field as tool-capable (default)","status":"passed","title":"treats catalog models without a tool_use field as tool-capable (default)","duration":0.8130999999998494,"failureMessages":[],"meta":{},"tags":[]}],"startTime":1787343884555,"endTime":1787343884609.813,"status":"passed","message":"","name":"C:/Users/del/AppData/Roaming/Projects/libre-assistant/tests/availableModels.test.js"},{"assertionResults":[{"ancestorTitles":["buildMessageTree"],"fullName":"buildMessageTree returns a map keyed by message id with their children populated","status":"passed","title":"returns a map keyed by message id with their children populated","duration":8.042300000000068,"failureMessages":[],"meta":{},"tags":[]},{"ancestorTitles":["buildMessageTree"],"fullName":"buildMessageTree populates children arrays based on parentId","status":"passed","title":"populates children arrays based on parentId","duration":1.747599999999693,"failureMessages":[],"meta":{},"tags":[]},{"ancestorTitles":["buildMessageTree"],"fullName":"buildMessageTree does not lose messages with missing parents (orphan-safe)","status":"passed","title":"does not lose messages with missing parents (orphan-safe)","duration":0.779700000000048,"failureMessages":[],"meta":{},"tags":[]},{"ancestorTitles":["buildMessageTree"],"fullName":"buildMessageTree returns an empty map for an empty array","status":"passed","title":"returns an empty map for an empty array","duration":0.8807000000001608,"failureMessages":[],"meta":{},"tags":[]},{"ancestorTitles":["getRootMessages"],"fullName":"getRootMessages returns only messages with no parent","status":"passed","title":"returns only messages with no parent","duration":1.4051999999996951,"failureMessages":[],"meta":{},"tags":[]},{"ancestorTitles":["getRootMessages"],"fullName":"getRootMessages sorts roots by timestamp ascending","status":"passed","title":"sorts roots by timestamp ascending","duration":0.865099999999984,"failureMessages":[],"meta":{},"tags":[]},{"ancestorTitles":["getSiblings"],"fullName":"getSiblings returns messages with the same parentId","status":"passed","title":"returns messages with the same parentId","duration":0.8899999999998727,"failureMessages":[],"meta":{},"tags":[]},{"ancestorTitles":["getSiblings"],"fullName":"getSiblings sorts by branchIndex when present","status":"passed","title":"sorts by branchIndex when present","duration":0.8315000000002328,"failureMessages":[],"meta":{},"tags":[]},{"ancestorTitles":["getSiblings"],"fullName":"getSiblings returns an empty array for an unknown messageId","status":"passed","title":"returns an empty array for an unknown messageId","duration":1.5226999999999862,"failureMessages":[],"meta":{},"tags":[]},{"ancestorTitles":["getSiblingInfo"],"fullName":"getSiblingInfo returns current index, total count, and ids","status":"passed","title":"returns current index, total count, and ids","duration":1.7302999999997155,"failureMessages":[],"meta":{},"tags":[]},{"ancestorTitles":["getMessagesForBranchPath"],"fullName":"getMessagesForBranchPath returns a single-root linear chain when branchPath is empty","status":"passed","title":"returns a single-root linear chain when branchPath is empty","duration":1.1131000000000313,"failureMessages":[],"meta":{},"tags":[]},{"ancestorTitles":["getMessagesForBranchPath"],"fullName":"getMessagesForBranchPath follows the chosen branch at a fork","status":"passed","title":"follows the chosen branch at a fork","duration":0.7466999999996915,"failureMessages":[],"meta":{},"tags":[]},{"ancestorTitles":["getMessagesForBranchPath"],"fullName":"getMessagesForBranchPath handles multiple roots by treating branchPath[0] as the root index","status":"passed","title":"handles multiple roots by treating branchPath[0] as the root index","duration":0.5336999999999534,"failureMessages":[],"meta":{},"tags":[]},{"ancestorTitles":["getMessagesForBranchPath"],"fullName":"getMessagesForBranchPath returns [] for empty messages","status":"passed","title":"returns [] for empty messages","duration":0.33609999999998763,"failureMessages":[],"meta":{},"tags":[]},{"ancestorTitles":["calculateBranchPath"],"fullName":"calculateBranchPath returns [] for an unknown target id","status":"passed","title":"returns [] for an unknown target id","duration":0.7448000000003958,"failureMessages":[],"meta":{},"tags":[]},{"ancestorTitles":["calculateBranchPath"],"fullName":"calculateBranchPath returns the branch indices needed to reach a deeply-nested message","status":"passed","title":"returns the branch indices needed to reach a deeply-nested message","duration":0.6957999999999629,"failureMessages":[],"meta":{},"tags":[]},{"ancestorTitles":["calculateBranchPath"],"fullName":"calculateBranchPath includes root index when there are multiple roots and the target is not the first","status":"passed","title":"includes root index when there are multiple roots and the target is not the first","duration":0.5261000000000422,"failureMessages":[],"meta":{},"tags":[]},{"ancestorTitles":["getNextBranchIndex"],"fullName":"getNextBranchIndex returns 0 when there are no siblings","status":"passed","title":"returns 0 when there are no siblings","duration":0.45260000000007494,"failureMessages":[],"meta":{},"tags":[]},{"ancestorTitles":["getNextBranchIndex"],"fullName":"getNextBranchIndex returns max(existing) + 1","status":"passed","title":"returns max(existing) + 1","duration":0.48389999999972133,"failureMessages":[],"meta":{},"tags":[]},{"ancestorTitles":["getNextBranchIndex"],"fullName":"getNextBranchIndex treats missing branchIndex as 0","status":"passed","title":"treats missing branchIndex as 0","duration":0.36419999999998254,"failureMessages":[],"meta":{},"tags":[]},{"ancestorTitles":["createBranch"],"fullName":"createBranch appends a new message sharing the same parent","status":"passed","title":"appends a new message sharing the same parent","duration":3.396900000000187,"failureMessages":[],"meta":{},"tags":[]},{"ancestorTitles":["createBranch"],"fullName":"createBranch throws if the source message does not exist","status":"passed","title":"throws if the source message does not exist","duration":2.0990999999999076,"failureMessages":[],"meta":{},"tags":[]},{"ancestorTitles":["createBranch"],"fullName":"createBranch returns a branchPath that points at the new message","status":"passed","title":"returns a branchPath that points at the new message","duration":1.02350000000024,"failureMessages":[],"meta":{},"tags":[]},{"ancestorTitles":["switchBranch"],"fullName":"switchBranch changes the branch at a specific fork","status":"passed","title":"changes the branch at a specific fork","duration":1.0125000000002728,"failureMessages":[],"meta":{},"tags":[]},{"ancestorTitles":["switchBranch"],"fullName":"switchBranch resets subsequent path entries to 0","status":"passed","title":"resets subsequent path entries to 0","duration":1.2272000000002663,"failureMessages":[],"meta":{},"tags":[]},{"ancestorTitles":["switchBranch"],"fullName":"switchBranch does not mutate the original array","status":"passed","title":"does not mutate the original array","duration":0.4098999999996522,"failureMessages":[],"meta":{},"tags":[]},{"ancestorTitles":["migrateMessages"],"fullName":"migrateMessages adds parentId/branchIndex to legacy messages in order","status":"passed","title":"adds parentId/branchIndex to legacy messages in order","duration":1.3661999999999352,"failureMessages":[],"meta":{},"tags":[]},{"ancestorTitles":["migrateMessages"],"fullName":"migrateMessages returns empty array for empty input","status":"passed","title":"returns empty array for empty input","duration":0.433100000000195,"failureMessages":[],"meta":{},"tags":[]},{"ancestorTitles":["migrateMessages"],"fullName":"migrateMessages returns the input unchanged if it is already migrated","status":"passed","title":"returns the input unchanged if it is already migrated","duration":0.3419000000003507,"failureMessages":[],"meta":{},"tags":[]},{"ancestorTitles":["migrateMessages"],"fullName":"migrateMessages sorts by timestamp before linking parents","status":"passed","title":"sorts by timestamp before linking parents","duration":0.6676000000002205,"failureMessages":[],"meta":{},"tags":[]},{"ancestorTitles":["findBranchPoints"],"fullName":"findBranchPoints returns forks (parents with > 1 child)","status":"passed","title":"returns forks (parents with > 1 child)","duration":1.4862999999995736,"failureMessages":[],"meta":{},"tags":[]},{"ancestorTitles":["findBranchPoints"],"fullName":"findBranchPoints returns roots fork for multiple root messages","status":"passed","title":"returns roots fork for multiple root messages","duration":0.7733000000002903,"failureMessages":[],"meta":{},"tags":[]},{"ancestorTitles":["findBranchPoints"],"fullName":"findBranchPoints returns [] when there are no forks","status":"passed","title":"returns [] when there are no forks","duration":1.293500000000222,"failureMessages":[],"meta":{},"tags":[]},{"ancestorTitles":["getRootSiblingInfo"],"fullName":"getRootSiblingInfo returns null for non-root messages","status":"passed","title":"returns null for non-root messages","duration":1.5154999999999745,"failureMessages":[],"meta":{},"tags":[]},{"ancestorTitles":["getRootSiblingInfo"],"fullName":"getRootSiblingInfo returns null when there is only one root","status":"passed","title":"returns null when there is only one root","duration":0.4050000000002001,"failureMessages":[],"meta":{},"tags":[]},{"ancestorTitles":["getRootSiblingInfo"],"fullName":"getRootSiblingInfo returns position info for a root with siblings","status":"passed","title":"returns position info for a root with siblings","duration":0.5475000000001273,"failureMessages":[],"meta":{},"tags":[]},{"ancestorTitles":["buildSiblingInfoMap"],"fullName":"buildSiblingInfoMap annotates visible messages that have siblings (a fork point)","status":"passed","title":"annotates visible messages that have siblings (a fork point)","duration":1.116099999999733,"failureMessages":[],"meta":{},"tags":[]},{"ancestorTitles":["buildSiblingInfoMap"],"fullName":"buildSiblingInfoMap annotates root messages that have root siblings","status":"passed","title":"annotates root messages that have root siblings","duration":0.7146999999999935,"failureMessages":[],"meta":{},"tags":[]}],"startTime":1787343883954,"endTime":1787343884003.7146,"status":"passed","message":"","name":"C:/Users/del/AppData/Roaming/Projects/libre-assistant/tests/branchManager.test.js"},{"assertionResults":[{"ancestorTitles":["downloadCode"],"fullName":"downloadCode derives a filename with the right extension for known languages","status":"passed","title":"derives a filename with the right extension for known languages","duration":35.12030000000004,"failureMessages":[],"meta":{},"tags":[]},{"ancestorTitles":["downloadCode"],"fullName":"downloadCode falls back to .txt for unknown languages","status":"passed","title":"falls back to .txt for unknown languages","duration":6.737499999999727,"failureMessages":[],"meta":{},"tags":[]},{"ancestorTitles":["downloadCode"],"fullName":"downloadCode strips surrounding quotes that JSON.stringify would add","status":"passed","title":"strips surrounding quotes that JSON.stringify would add","duration":4.900499999999738,"failureMessages":[],"meta":{},"tags":[]},{"ancestorTitles":["copyCode"],"fullName":"copyCode copies the code text and temporarily shows 'Copied!'","status":"passed","title":"copies the code text and temporarily shows 'Copied!'","duration":7.119500000000244,"failureMessages":[],"meta":{},"tags":[]},{"ancestorTitles":["copyCode"],"fullName":"copyCode is a no-op when the expected DOM isn't there","status":"passed","title":"is a no-op when the expected DOM isn't there","duration":3.828399999999874,"failureMessages":[],"meta":{},"tags":[]}],"startTime":1787343884567,"endTime":1787343884625.8284,"status":"passed","message":"","name":"C:/Users/del/AppData/Roaming/Projects/libre-assistant/tests/codeBlockUtils.test.js"},{"assertionResults":[{"ancestorTitles":["getCompressionState"],"fullName":"getCompressionState lazily creates and reuses state","status":"passed","title":"lazily creates and reuses state","duration":12.603699999999662,"failureMessages":[],"meta":{},"tags":[]},{"ancestorTitles":["getCompressionState"],"fullName":"getCompressionState returns null without a conversation id","status":"passed","title":"returns null without a conversation id","duration":1.1890000000003056,"failureMessages":[],"meta":{},"tags":[]},{"ancestorTitles":["refreshCompressionState"],"fullName":"refreshCompressionState computes effective tokens and threshold crossing","status":"passed","title":"computes effective tokens and threshold crossing","duration":9.601700000000164,"failureMessages":[],"meta":{},"tags":[]},{"ancestorTitles":["refreshCompressionState"],"fullName":"refreshCompressionState stays below threshold for short chats","status":"passed","title":"stays below threshold for short chats","duration":1.2200000000002547,"failureMessages":[],"meta":{},"tags":[]},{"ancestorTitles":["dismissCompressionPrompt"],"fullName":"dismissCompressionPrompt dismisses and re-offers after ~25% growth","status":"passed","title":"dismisses and re-offers after ~25% growth","duration":4.091499999999542,"failureMessages":[],"meta":{},"tags":[]},{"ancestorTitles":["compressConversation"],"fullName":"compressConversation manual mode compresses the whole eligible span and never mutates messages","status":"passed","title":"manual mode compresses the whole eligible span and never mutates messages","duration":25.80250000000069,"failureMessages":[],"meta":{},"tags":[]},{"ancestorTitles":["compressConversation"],"fullName":"compressConversation manual mode splits oversized spans into sequential ranges","status":"passed","title":"manual mode splits oversized spans into sequential ranges","duration":74.79479999999967,"failureMessages":[],"meta":{},"tags":[]},{"ancestorTitles":["compressConversation"],"fullName":"compressConversation auto mode compresses exactly one range per run","status":"passed","title":"auto mode compresses exactly one range per run","duration":9.83889999999974,"failureMessages":[],"meta":{},"tags":[]},{"ancestorTitles":["compressConversation"],"fullName":"compressConversation serializes concurrent runs for the same conversation","status":"passed","title":"serializes concurrent runs for the same conversation","duration":3.3284999999996217,"failureMessages":[],"meta":{},"tags":[]},{"ancestorTitles":["compressConversation"],"fullName":"compressConversation fails gracefully when the model call fails","status":"passed","title":"fails gracefully when the model call fails","duration":53.53949999999986,"failureMessages":[],"meta":{},"tags":[]},{"ancestorTitles":["compressConversation"],"fullName":"compressConversation discards the result when the conversation was cleared mid-run","status":"passed","title":"discards the result when the conversation was cleared mid-run","duration":58.59429999999975,"failureMessages":[],"meta":{},"tags":[]},{"ancestorTitles":["maybeAutoCompress"],"fullName":"maybeAutoCompress runs one range when above threshold","status":"passed","title":"runs one range when above threshold","duration":3.4250999999994747,"failureMessages":[],"meta":{},"tags":[]},{"ancestorTitles":["maybeAutoCompress"],"fullName":"maybeAutoCompress skips when auto is disabled","status":"passed","title":"skips when auto is disabled","duration":0.8405000000002474,"failureMessages":[],"meta":{},"tags":[]},{"ancestorTitles":["maybeAutoCompress"],"fullName":"maybeAutoCompress skips without an API key or in incognito","status":"passed","title":"skips without an API key or in incognito","duration":1.0412999999998647,"failureMessages":[],"meta":{},"tags":[]},{"ancestorTitles":["maybeAutoCompress"],"fullName":"maybeAutoCompress skips below the threshold","status":"passed","title":"skips below the threshold","duration":0.9032000000006519,"failureMessages":[],"meta":{},"tags":[]},{"ancestorTitles":["loadCompressionState"],"fullName":"loadCompressionState loads stored chunks into state","status":"passed","title":"loads stored chunks into state","duration":1.6328999999996086,"failureMessages":[],"meta":{},"tags":[]},{"ancestorTitles":["formatTokenCount"],"fullName":"formatTokenCount formats compactly","status":"passed","title":"formats compactly","duration":0.7083999999995285,"failureMessages":[],"meta":{},"tags":[]}],"startTime":1787343881214,"endTime":1787343881481.7085,"status":"passed","message":"","name":"C:/Users/del/AppData/Roaming/Projects/libre-assistant/tests/contextCompressionPipeline.test.js"},{"assertionResults":[{"ancestorTitles":["resolveCompressionSettings"],"fullName":"resolveCompressionSettings returns defaults for empty settings (no separate model — compression uses the selected model)","status":"passed","title":"returns defaults for empty settings (no separate model — compression uses the selected model)","duration":18.435799999999745,"failureMessages":[],"meta":{},"tags":[]},{"ancestorTitles":["resolveCompressionSettings"],"fullName":"resolveCompressionSettings respects explicit values and ignores the retired model field","status":"passed","title":"respects explicit values and ignores the retired model field","duration":1.341399999999794,"failureMessages":[],"meta":{},"tags":[]},{"ancestorTitles":["resolveCompressionSettings"],"fullName":"resolveCompressionSettings falls back on invalid numbers","status":"passed","title":"falls back on invalid numbers","duration":1.3751000000002023,"failureMessages":[],"meta":{},"tags":[]},{"ancestorTitles":["estimateMessageTokens"],"fullName":"estimateMessageTokens estimates plain content","status":"passed","title":"estimates plain content","duration":1.2628999999997177,"failureMessages":[],"meta":{},"tags":[]},{"ancestorTitles":["estimateMessageTokens"],"fullName":"estimateMessageTokens counts content parts and half-weight reasoning","status":"passed","title":"counts content parts and half-weight reasoning","duration":2.3575999999998203,"failureMessages":[],"meta":{},"tags":[]},{"ancestorTitles":["estimateMessageTokens"],"fullName":"estimateMessageTokens counts tool results at full weight","status":"passed","title":"counts tool results at full weight","duration":0.5363999999999578,"failureMessages":[],"meta":{},"tags":[]},{"ancestorTitles":["estimateMessageTokens"],"fullName":"estimateMessageTokens never returns zero for a message","status":"passed","title":"never returns zero for a message","duration":1.561200000000099,"failureMessages":[],"meta":{},"tags":[]},{"ancestorTitles":["estimateChunkTokens"],"fullName":"estimateChunkTokens sums message estimates","status":"passed","title":"sums message estimates","duration":1.037199999999757,"failureMessages":[],"meta":{},"tags":[]},{"ancestorTitles":["sidecar I/O"],"fullName":"sidecar I/O round-trips chunk records","status":"passed","title":"round-trips chunk records","duration":10.35590000000002,"failureMessages":[],"meta":{},"tags":[]},{"ancestorTitles":["sidecar I/O"],"fullName":"sidecar I/O discards legacy and malformed records on load","status":"passed","title":"discards legacy and malformed records on load","duration":1.862300000000232,"failureMessages":[],"meta":{},"tags":[]},{"ancestorTitles":["sidecar I/O"],"fullName":"sidecar I/O returns an empty record for unknown conversations","status":"passed","title":"returns an empty record for unknown conversations","duration":3.0115999999998166,"failureMessages":[],"meta":{},"tags":[]},{"ancestorTitles":["sidecar I/O"],"fullName":"sidecar I/O deletes the sidecar","status":"passed","title":"deletes the sidecar","duration":1.7243000000003121,"failureMessages":[],"meta":{},"tags":[]},{"ancestorTitles":["findValidSummaries"],"fullName":"findValidSummaries validates a summary whose span matches contiguously","status":"passed","title":"validates a summary whose span matches contiguously","duration":1.6359999999999673,"failureMessages":[],"meta":{},"tags":[]},{"ancestorTitles":["findValidSummaries"],"fullName":"findValidSummaries invalidates a summary when a covered message was edited (id changed)","status":"passed","title":"invalidates a summary when a covered message was edited (id changed)","duration":1.106800000000021,"failureMessages":[],"meta":{},"tags":[]},{"ancestorTitles":["findValidSummaries"],"fullName":"findValidSummaries keeps later summaries valid when an earlier one is invalidated","status":"passed","title":"keeps later summaries valid when an earlier one is invalidated","duration":1.3156000000003587,"failureMessages":[],"meta":{},"tags":[]},{"ancestorTitles":["findValidSummaries"],"fullName":"findValidSummaries keeps summaries valid on branches that share the covered prefix","status":"passed","title":"keeps summaries valid on branches that share the covered prefix","duration":1.513600000000224,"failureMessages":[],"meta":{},"tags":[]},{"ancestorTitles":["findValidSummaries"],"fullName":"findValidSummaries skips failed and legacy records","status":"passed","title":"skips failed and legacy records","duration":1.055699999999888,"failureMessages":[],"meta":{},"tags":[]},{"ancestorTitles":["findValidSummaries"],"fullName":"findValidSummaries matches sequential summaries in order","status":"passed","title":"matches sequential summaries in order","duration":0.8111999999996442,"failureMessages":[],"meta":{},"tags":[]},{"ancestorTitles":["buildApiHistory"],"fullName":"buildApiHistory replaces a covered span with summary + acknowledgement","status":"passed","title":"replaces a covered span with summary + acknowledgement","duration":2.651299999999992,"failureMessages":[],"meta":{},"tags":[]},{"ancestorTitles":["buildApiHistory"],"fullName":"buildApiHistory supports multiple summaries","status":"passed","title":"supports multiple summaries","duration":1.198699999999917,"failureMessages":[],"meta":{},"tags":[]},{"ancestorTitles":["buildApiHistory"],"fullName":"buildApiHistory never leaks a summary into a branch sharing only part of its span","status":"passed","title":"never leaks a summary into a branch sharing only part of its span","duration":0.7541000000001077,"failureMessages":[],"meta":{},"tags":[]},{"ancestorTitles":["buildApiHistory"],"fullName":"buildApiHistory returns a verbatim copy when there are no summaries","status":"passed","title":"returns a verbatim copy when there are no summaries","duration":1.4852999999998246,"failureMessages":[],"meta":{},"tags":[]},{"ancestorTitles":["estimateEffectiveTokens"],"fullName":"estimateEffectiveTokens counts summaries instead of covered messages","status":"passed","title":"counts summaries instead of covered messages","duration":2.686000000000149,"failureMessages":[],"meta":{},"tags":[]},{"ancestorTitles":["selectCompressionRange"],"fullName":"selectCompressionRange compresses everything eligible outside the keep-recent window","status":"passed","title":"compresses everything eligible outside the keep-recent window","duration":1.4537000000000262,"failureMessages":[],"meta":{},"tags":[]},{"ancestorTitles":["selectCompressionRange"],"fullName":"selectCompressionRange starts after the last valid summary","status":"passed","title":"starts after the last valid summary","duration":1.5036000000000058,"failureMessages":[],"meta":{},"tags":[]},{"ancestorTitles":["selectCompressionRange"],"fullName":"selectCompressionRange returns null when everything fits in the keep-recent window","status":"passed","title":"returns null when everything fits in the keep-recent window","duration":0.4466000000002168,"failureMessages":[],"meta":{},"tags":[]},{"ancestorTitles":["selectCompressionRange"],"fullName":"selectCompressionRange sizes the range to the auto target","status":"passed","title":"sizes the range to the auto target","duration":0.5045999999997548,"failureMessages":[],"meta":{},"tags":[]},{"ancestorTitles":["selectCompressionRange"],"fullName":"selectCompressionRange pulls in the assistant reply instead of splitting a turn","status":"passed","title":"pulls in the assistant reply instead of splitting a turn","duration":0.4913000000001375,"failureMessages":[],"meta":{},"tags":[]},{"ancestorTitles":["selectCompressionRange"],"fullName":"selectCompressionRange caps the range at maxRangeTokens","status":"passed","title":"caps the range at maxRangeTokens","duration":1.2737999999999374,"failureMessages":[],"meta":{},"tags":[]},{"ancestorTitles":["selectCompressionRange"],"fullName":"selectCompressionRange still makes progress when a single message exceeds the cap","status":"passed","title":"still makes progress when a single message exceeds the cap","duration":0.7516000000000531,"failureMessages":[],"meta":{},"tags":[]},{"ancestorTitles":["shouldOfferCompression"],"fullName":"shouldOfferCompression is true only above threshold with an eligible range","status":"passed","title":"is true only above threshold with an eligible range","duration":0.9976999999998952,"failureMessages":[],"meta":{},"tags":[]},{"ancestorTitles":["buildSummaryRecord"],"fullName":"buildSummaryRecord captures coverage and token estimates","status":"passed","title":"captures coverage and token estimates","duration":1.2859000000003107,"failureMessages":[],"meta":{},"tags":[]},{"ancestorTitles":["renderSummaryAsApiMessage"],"fullName":"renderSummaryAsApiMessage labels the summary with its coverage","status":"passed","title":"labels the summary with its coverage","duration":0.6878999999998996,"failureMessages":[],"meta":{},"tags":[]},{"ancestorTitles":["hashBranchPath"],"fullName":"hashBranchPath is stable and branch-sensitive","status":"passed","title":"is stable and branch-sensitive","duration":1.418800000000374,"failureMessages":[],"meta":{},"tags":[]}],"startTime":1787343885478,"endTime":1787343885556.4187,"status":"passed","message":"","name":"C:/Users/del/AppData/Roaming/Projects/libre-assistant/tests/contextCompressor.test.js"},{"assertionResults":[{"ancestorTitles":["DEFAULT_PARAMETERS"],"fullName":"DEFAULT_PARAMETERS has the documented default values","status":"passed","title":"has the documented default values","duration":3.932600000000093,"failureMessages":[],"meta":{},"tags":[]},{"ancestorTitles":["DEFAULT_PARAMETERS"],"fullName":"DEFAULT_PARAMETERS default export and named export point to the same object","status":"passed","title":"default export and named export point to the same object","duration":0.5909999999998945,"failureMessages":[],"meta":{},"tags":[]}],"startTime":1787343889476,"endTime":1787343889480.591,"status":"passed","message":"","name":"C:/Users/del/AppData/Roaming/Projects/libre-assistant/tests/defaultParameters.test.js"},{"assertionResults":[{"ancestorTitles":["handleIncomingMessage"],"fullName":"handleIncomingMessage rejects when required parameters are missing","status":"pending","title":"rejects when required parameters are missing","failureMessages":[],"meta":{},"tags":[]},{"ancestorTitles":["handleIncomingMessage"],"fullName":"handleIncomingMessage yields content chunks from a plain text stream","status":"pending","title":"yields content chunks from a plain text stream","failureMessages":[],"meta":{},"tags":[]},{"ancestorTitles":["handleIncomingMessage"],"fullName":"handleIncomingMessage yields reasoning chunks when the API returns reasoning deltas","status":"pending","title":"yields reasoning chunks when the API returns reasoning deltas","failureMessages":[],"meta":{},"tags":[]},{"ancestorTitles":["handleIncomingMessage"],"fullName":"handleIncomingMessage yields a dedicated canceled event when the controller is aborted","status":"pending","title":"yields a dedicated canceled event when the controller is aborted","failureMessages":[],"meta":{},"tags":[]},{"ancestorTitles":["handleIncomingMessage"],"fullName":"handleIncomingMessage yields a tool_calls chunk when the stream contains a tool_call delta","status":"pending","title":"yields a tool_calls chunk when the stream contains a tool_call delta","failureMessages":[],"meta":{},"tags":[]},{"ancestorTitles":["handleIncomingMessage"],"fullName":"handleIncomingMessage emits exactly ONE error event when the stream reports an error","status":"pending","title":"emits exactly ONE error event when the stream reports an error","failureMessages":[],"meta":{},"tags":[]},{"ancestorTitles":["handleIncomingMessage"],"fullName":"handleIncomingMessage emits exactly ONE error event when the proxy responds non-OK","status":"pending","title":"emits exactly ONE error event when the proxy responds non-OK","failureMessages":[],"meta":{},"tags":[]},{"ancestorTitles":["handleIncomingMessage"],"fullName":"handleIncomingMessage does not emit error text as content when a mid-stream read fails","status":"pending","title":"does not emit error text as content when a mid-stream read fails","failureMessages":[],"meta":{},"tags":[]},{"ancestorTitles":["handleIncomingMessage"],"fullName":"handleIncomingMessage executes multiple independent tool calls and yields each result","status":"pending","title":"executes multiple independent tool calls and yields each result","failureMessages":[],"meta":{},"tags":[]},{"ancestorTitles":["handleIncomingMessage"],"fullName":"handleIncomingMessage routes requests to a custom OpenAI-compatible provider for composite model IDs","status":"pending","title":"routes requests to a custom OpenAI-compatible provider for composite model IDs","failureMessages":[],"meta":{},"tags":[]},{"ancestorTitles":["handleIncomingMessage"],"fullName":"handleIncomingMessage keeps Hack Club routing (no upstream override) for plain model IDs","status":"pending","title":"keeps Hack Club routing (no upstream override) for plain model IDs","failureMessages":[],"meta":{},"tags":[]},{"ancestorTitles":["handleIncomingMessage"],"fullName":"handleIncomingMessage routes LOOPBACK providers as direct browser calls (no relay)","status":"pending","title":"routes LOOPBACK providers as direct browser calls (no relay)","failureMessages":[],"meta":{},"tags":[]},{"ancestorTitles":["handleIncomingMessage"],"fullName":"handleIncomingMessage does not execute search tools when tool_search_source is 'off'","status":"pending","title":"does not execute search tools when tool_search_source is 'off'","failureMessages":[],"meta":{},"tags":[]}],"startTime":1787343889573,"endTime":1787343889573,"status":"passed","message":"","name":"C:/Users/del/AppData/Roaming/Projects/libre-assistant/tests/handleIncomingMessage.test.js"},{"assertionResults":[{"ancestorTitles":["buildManifest"],"fullName":"buildManifest produces a valid manifest with all fields","status":"passed","title":"produces a valid manifest with all fields","duration":14.017100000000028,"failureMessages":[],"meta":{},"tags":[]},{"ancestorTitles":["buildManifest"],"fullName":"buildManifest defaults missing counts to zero","status":"passed","title":"defaults missing counts to zero","duration":1.949999999999818,"failureMessages":[],"meta":{},"tags":[]},{"ancestorTitles":["validateManifest"],"fullName":"validateManifest accepts a valid manifest","status":"passed","title":"accepts a valid manifest","duration":1.2617999999993117,"failureMessages":[],"meta":{},"tags":[]},{"ancestorTitles":["validateManifest"],"fullName":"validateManifest rejects an unsupported format","status":"passed","title":"rejects an unsupported format","duration":1.009900000000016,"failureMessages":[],"meta":{},"tags":[]},{"ancestorTitles":["validateManifest"],"fullName":"validateManifest rejects a missing includes block","status":"passed","title":"rejects a missing includes block","duration":0.7956000000003769,"failureMessages":[],"meta":{},"tags":[]},{"ancestorTitles":["stripSecrets"],"fullName":"stripSecrets removes the custom API key","status":"passed","title":"removes the custom API key","duration":0.8649999999997817,"failureMessages":[],"meta":{},"tags":[]},{"ancestorTitles":["stripSecrets"],"fullName":"stripSecrets does not mutate the original object","status":"passed","title":"does not mutate the original object","duration":3.3065000000005966,"failureMessages":[],"meta":{},"tags":[]},{"ancestorTitles":["isDefaultNotepad"],"fullName":"isDefaultNotepad returns true for empty content","status":"passed","title":"returns true for empty content","duration":0.9965999999994892,"failureMessages":[],"meta":{},"tags":[]},{"ancestorTitles":["isDefaultNotepad"],"fullName":"isDefaultNotepad returns true when notepad is disabled","status":"passed","title":"returns true when notepad is disabled","duration":2.0982999999996537,"failureMessages":[],"meta":{},"tags":[]},{"ancestorTitles":["isDefaultNotepad"],"fullName":"isDefaultNotepad returns false for real content with enabled notepad","status":"passed","title":"returns false for real content with enabled notepad","duration":1.1796000000003914,"failureMessages":[],"meta":{},"tags":[]},{"ancestorTitles":["isOpenWebUIChat and conversion"],"fullName":"isOpenWebUIChat and conversion detects an OpenWebUI-style chat object","status":"passed","title":"detects an OpenWebUI-style chat object","duration":0.8085999999993874,"failureMessages":[],"meta":{},"tags":[]},{"ancestorTitles":["isOpenWebUIChat and conversion"],"fullName":"isOpenWebUIChat and conversion detects an OpenWebUI chat wrapped in a .chat property","status":"passed","title":"detects an OpenWebUI chat wrapped in a .chat property","duration":0.5756000000001222,"failureMessages":[],"meta":{},"tags":[]},{"ancestorTitles":["isOpenWebUIChat and conversion"],"fullName":"isOpenWebUIChat and conversion converts a linear OpenWebUI chat to a native parentId chain","status":"passed","title":"converts a linear OpenWebUI chat to a native parentId chain","duration":6.9942999999993845,"failureMessages":[],"meta":{},"tags":[]},{"ancestorTitles":["validateNativeChat"],"fullName":"validateNativeChat accepts a valid chat","status":"passed","title":"accepts a valid chat","duration":1.1610000000000582,"failureMessages":[],"meta":{},"tags":[]},{"ancestorTitles":["validateNativeChat"],"fullName":"validateNativeChat rejects a chat without messages","status":"passed","title":"rejects a chat without messages","duration":0.46739999999954307,"failureMessages":[],"meta":{},"tags":[]},{"ancestorTitles":["validateNativeChat"],"fullName":"validateNativeChat rejects a message without an id","status":"passed","title":"rejects a message without an id","duration":0.783900000000358,"failureMessages":[],"meta":{},"tags":[]},{"ancestorTitles":["prepareChatsForImport"],"fullName":"prepareChatsForImport keeps IDs in replace mode","status":"passed","title":"keeps IDs in replace mode","duration":0.9242999999996755,"failureMessages":[],"meta":{},"tags":[]},{"ancestorTitles":["prepareChatsForImport"],"fullName":"prepareChatsForImport skips existing IDs in skip mode","status":"passed","title":"skips existing IDs in skip mode","duration":2.494999999999891,"failureMessages":[],"meta":{},"tags":[]},{"ancestorTitles":["prepareChatsForImport"],"fullName":"prepareChatsForImport remaps IDs and parentIds in append mode on collision","status":"passed","title":"remaps IDs and parentIds in append mode on collision","duration":1.5776000000005297,"failureMessages":[],"meta":{},"tags":[]},{"ancestorTitles":["prepareChatsForImport"],"fullName":"prepareChatsForImport keeps IDs in append mode when there is no collision","status":"passed","title":"keeps IDs in append mode when there is no collision","duration":0.5029999999997017,"failureMessages":[],"meta":{},"tags":[]},{"ancestorTitles":["exportAllToZip"],"fullName":"exportAllToZip exports a manifest, settings, notepad, and chats","status":"passed","title":"exports a manifest, settings, notepad, and chats","duration":128.30379999999968,"failureMessages":[],"meta":{},"tags":[]},{"ancestorTitles":["exportAllToZip"],"fullName":"exportAllToZip redacts the API key by default","status":"passed","title":"redacts the API key by default","duration":8.652599999999438,"failureMessages":[],"meta":{},"tags":[]},{"ancestorTitles":["exportAllToZip"],"fullName":"exportAllToZip omits the notepad when empty or disabled","status":"passed","title":"omits the notepad when empty or disabled","duration":11.490299999999479,"failureMessages":[],"meta":{},"tags":[]},{"ancestorTitles":["exportAllToZip"],"fullName":"exportAllToZip omits default settings from the zip","status":"passed","title":"omits default settings from the zip","duration":8.73870000000079,"failureMessages":[],"meta":{},"tags":[]},{"ancestorTitles":["exportAllToZip"],"fullName":"exportAllToZip omits empty chat files","status":"passed","title":"omits empty chat files","duration":8.128600000000006,"failureMessages":[],"meta":{},"tags":[]},{"ancestorTitles":["exportSingleChatToZip"],"fullName":"exportSingleChatToZip exports a single chat as manifest + chat.json","status":"passed","title":"exports a single chat as manifest + chat.json","duration":5.707399999999325,"failureMessages":[],"meta":{},"tags":[]},{"ancestorTitles":["exportSingleChatToZip"],"fullName":"exportSingleChatToZip throws when the conversation is missing","status":"passed","title":"throws when the conversation is missing","duration":5.0572000000001935,"failureMessages":[],"meta":{},"tags":[]},{"ancestorTitles":["importFromZipBuffer round-trip"],"fullName":"importFromZipBuffer round-trip imports a full native export back into storage","status":"passed","title":"imports a full native export back into storage","duration":17.026600000000144,"failureMessages":[],"meta":{},"tags":[]},{"ancestorTitles":["importFromZipBuffer round-trip"],"fullName":"importFromZipBuffer round-trip imports a single-chat archive","status":"passed","title":"imports a single-chat archive","duration":7.295000000000073,"failureMessages":[],"meta":{},"tags":[]},{"ancestorTitles":["importFromZipBuffer round-trip"],"fullName":"importFromZipBuffer round-trip imports an OpenWebUI JSON file","status":"passed","title":"imports an OpenWebUI JSON file","duration":3.2726000000002387,"failureMessages":[],"meta":{},"tags":[]},{"ancestorTitles":["importFromZipBuffer round-trip"],"fullName":"importFromZipBuffer round-trip appends without overwriting existing chats","status":"passed","title":"appends without overwriting existing chats","duration":3.3921999999993204,"failureMessages":[],"meta":{},"tags":[]},{"ancestorTitles":["importFromZipBuffer round-trip"],"fullName":"importFromZipBuffer round-trip replaces existing chats when chosen","status":"passed","title":"replaces existing chats when chosen","duration":19.256899999999405,"failureMessages":[],"meta":{},"tags":[]},{"ancestorTitles":["importFromZipBuffer round-trip"],"fullName":"importFromZipBuffer round-trip deletes old chats in replace mode after importing","status":"passed","title":"deletes old chats in replace mode after importing","duration":5.9494000000004235,"failureMessages":[],"meta":{},"tags":[]},{"ancestorTitles":["importFromZipBuffer round-trip"],"fullName":"importFromZipBuffer round-trip skips duplicate chats in skip mode","status":"passed","title":"skips duplicate chats in skip mode","duration":3.189100000000508,"failureMessages":[],"meta":{},"tags":[]},{"ancestorTitles":["importFromZipBuffer round-trip"],"fullName":"importFromZipBuffer round-trip throws on a corrupted manifest before touching storage","status":"passed","title":"throws on a corrupted manifest before touching storage","duration":1.5924999999997453,"failureMessages":[],"meta":{},"tags":[]},{"ancestorTitles":["parseImportArchive"],"fullName":"parseImportArchive parses a native zip archive","status":"passed","title":"parses a native zip archive","duration":4.7490999999999985,"failureMessages":[],"meta":{},"tags":[]},{"ancestorTitles":["persistImportedNotepad"],"fullName":"persistImportedNotepad writes notepad content and metadata","status":"passed","title":"writes notepad content and metadata","duration":0.7707000000000335,"failureMessages":[],"meta":{},"tags":[]},{"ancestorTitles":["persistImportedNotepad"],"fullName":"persistImportedNotepad returns false for empty content","status":"passed","title":"returns false for empty content","duration":0.4655000000002474,"failureMessages":[],"meta":{},"tags":[]},{"ancestorTitles":["persistImportedSettings"],"fullName":"persistImportedSettings writes settings directly when no manager is provided","status":"passed","title":"writes settings directly when no manager is provided","duration":0.9189000000005763,"failureMessages":[],"meta":{},"tags":[]},{"ancestorTitles":["persistImportedSettings"],"fullName":"persistImportedSettings preserves existing API key when import has none","status":"passed","title":"preserves existing API key when import has none","duration":1.0416999999997643,"failureMessages":[],"meta":{},"tags":[]},{"ancestorTitles":["persistImportedSettings"],"fullName":"persistImportedSettings preserves existing API key when import has empty string","status":"passed","title":"preserves existing API key when import has empty string","duration":2.9844999999995707,"failureMessages":[],"meta":{},"tags":[]}],"startTime":1787343881444,"endTime":1787343881740.9846,"status":"passed","message":"","name":"C:/Users/del/AppData/Roaming/Projects/libre-assistant/tests/importExport.test.js"},{"assertionResults":[{"ancestorTitles":["normalizeCombo"],"fullName":"normalizeCombo canonicalizes modifier order and casing","status":"passed","title":"canonicalizes modifier order and casing","duration":7.153200000000197,"failureMessages":[],"meta":{},"tags":[]},{"ancestorTitles":["normalizeCombo"],"fullName":"normalizeCombo maps aliases (control→ctrl, cmd/command→mod, option→alt, esc→escape)","status":"passed","title":"maps aliases (control→ctrl, cmd/command→mod, option→alt, esc→escape)","duration":1.6410000000000764,"failureMessages":[],"meta":{},"tags":[]},{"ancestorTitles":["normalizeCombo"],"fullName":"normalizeCombo returns null when there is no non-modifier key","status":"passed","title":"returns null when there is no non-modifier key","duration":1.1857999999997446,"failureMessages":[],"meta":{},"tags":[]},{"ancestorTitles":["normalizeCombo"],"fullName":"normalizeCombo handles single keys and space","status":"passed","title":"handles single keys and space","duration":1.0398999999997613,"failureMessages":[],"meta":{},"tags":[]},{"ancestorTitles":["formatComboParts"],"fullName":"formatComboParts renders platform-appropriate labels","status":"passed","title":"renders platform-appropriate labels","duration":3.0025000000000546,"failureMessages":[],"meta":{},"tags":[]},{"ancestorTitles":["formatComboParts"],"fullName":"formatComboParts formats single keys and special names","status":"passed","title":"formats single keys and special names","duration":1.969000000000051,"failureMessages":[],"meta":{},"tags":[]},{"ancestorTitles":["eventToCombo"],"fullName":"eventToCombo builds combos from keyboard events per platform","status":"passed","title":"builds combos from keyboard events per platform","duration":1.0695999999998094,"failureMessages":[],"meta":{},"tags":[]},{"ancestorTitles":["eventToCombo"],"fullName":"eventToCombo treats Ctrl on Mac as ctrl, not mod","status":"passed","title":"treats Ctrl on Mac as ctrl, not mod","duration":0.8495000000002619,"failureMessages":[],"meta":{},"tags":[]},{"ancestorTitles":["eventToCombo"],"fullName":"eventToCombo includes shift and ignores modifier-only presses","status":"passed","title":"includes shift and ignores modifier-only presses","duration":1.8584000000000742,"failureMessages":[],"meta":{},"tags":[]},{"ancestorTitles":["reservedComboWarning"],"fullName":"reservedComboWarning flags browser-reserved tab/window management","status":"passed","title":"flags browser-reserved tab/window management","duration":4.731200000000172,"failureMessages":[],"meta":{},"tags":[]},{"ancestorTitles":["reservedComboWarning"],"fullName":"reservedComboWarning allows everything else","status":"passed","title":"allows everything else","duration":0.7360000000003311,"failureMessages":[],"meta":{},"tags":[]},{"ancestorTitles":["isTextEntryTarget"],"fullName":"isTextEntryTarget detects typing surfaces","status":"passed","title":"detects typing surfaces","duration":0.9546000000000276,"failureMessages":[],"meta":{},"tags":[]},{"ancestorTitles":["KEYBIND_ACTIONS defaults"],"fullName":"KEYBIND_ACTIONS defaults every action has a valid default combo and unique id","status":"passed","title":"every action has a valid default combo and unique id","duration":5.453599999999824,"failureMessages":[],"meta":{},"tags":[]}],"startTime":1787343887937,"endTime":1787343887971.4536,"status":"passed","message":"","name":"C:/Users/del/AppData/Roaming/Projects/libre-assistant/tests/keybinds.test.js"},{"assertionResults":[{"ancestorTitles":["createMarkdownInstance"],"fullName":"createMarkdownInstance returns a working markdown-it instance","status":"passed","title":"returns a working markdown-it instance","duration":40.01080000000002,"failureMessages":[],"meta":{},"tags":[]},{"ancestorTitles":["createMarkdownInstance"],"fullName":"createMarkdownInstance renders paragraphs and emphasis","status":"passed","title":"renders paragraphs and emphasis","duration":8.218399999999747,"failureMessages":[],"meta":{},"tags":[]},{"ancestorTitles":["createMarkdownInstance"],"fullName":"createMarkdownInstance autolinks URLs (linkify enabled)","status":"passed","title":"autolinks URLs (linkify enabled)","duration":21.081500000000233,"failureMessages":[],"meta":{},"tags":[]},{"ancestorTitles":["createMarkdownInstance"],"fullName":"createMarkdownInstance renders unordered lists","status":"passed","title":"renders unordered lists","duration":5.142799999999625,"failureMessages":[],"meta":{},"tags":[]},{"ancestorTitles":["createMarkdownInstance"],"fullName":"createMarkdownInstance renders code blocks with the project's custom wrapper","status":"passed","title":"renders code blocks with the project's custom wrapper","duration":3.3531000000002678,"failureMessages":[],"meta":{},"tags":[]},{"ancestorTitles":["createMarkdownInstance"],"fullName":"createMarkdownInstance escapes HTML in code blocks (XSS protection)","status":"passed","title":"escapes HTML in code blocks (XSS protection)","duration":2.3958000000002357,"failureMessages":[],"meta":{},"tags":[]},{"ancestorTitles":["createMarkdownInstance"],"fullName":"createMarkdownInstance honors disabling KaTeX","status":"passed","title":"honors disabling KaTeX","duration":5.274900000000343,"failureMessages":[],"meta":{},"tags":[]},{"ancestorTitles":["createMarkdownInstance"],"fullName":"createMarkdownInstance honors disabling footnotes","status":"passed","title":"honors disabling footnotes","duration":6.8125,"failureMessages":[],"meta":{},"tags":[]},{"ancestorTitles":["default md singleton"],"fullName":"default md singleton is a usable markdown-it instance","status":"passed","title":"is a usable markdown-it instance","duration":2.190799999999399,"failureMessages":[],"meta":{},"tags":[]}],"startTime":1787343881517,"endTime":1787343881613.191,"status":"passed","message":"","name":"C:/Users/del/AppData/Roaming/Projects/libre-assistant/tests/markdown.test.js"},{"assertionResults":[{"ancestorTitles":["formatMessageForAPI - user messages"],"fullName":"formatMessageForAPI - user messages formats a plain user message with string content","status":"passed","title":"formats a plain user message with string content","duration":7.487899999999627,"failureMessages":[],"meta":{},"tags":[]},{"ancestorTitles":["formatMessageForAPI - user messages"],"fullName":"formatMessageForAPI - user messages preserves annotations when present","status":"passed","title":"preserves annotations when present","duration":1.204399999999623,"failureMessages":[],"meta":{},"tags":[]},{"ancestorTitles":["formatMessageForAPI - user messages"],"fullName":"formatMessageForAPI - user messages builds a content-parts array when images are attached","status":"passed","title":"builds a content-parts array when images are attached","duration":1.7064000000000306,"failureMessages":[],"meta":{},"tags":[]},{"ancestorTitles":["formatMessageForAPI - user messages"],"fullName":"formatMessageForAPI - user messages builds a content-parts array when PDFs are attached","status":"passed","title":"builds a content-parts array when PDFs are attached","duration":1.9722999999999047,"failureMessages":[],"meta":{},"tags":[]},{"ancestorTitles":["formatMessageForAPI - tool messages"],"fullName":"formatMessageForAPI - tool messages emits the OpenAI tool-result shape (role, tool_call_id, content)","status":"passed","title":"emits the OpenAI tool-result shape (role, tool_call_id, content)","duration":2.917899999999918,"failureMessages":[],"meta":{},"tags":[]},{"ancestorTitles":["formatMessageForAPI - tool messages"],"fullName":"formatMessageForAPI - tool messages coerces null content to empty string","status":"passed","title":"coerces null content to empty string","duration":0.5927000000001499,"failureMessages":[],"meta":{},"tags":[]},{"ancestorTitles":["formatMessageForAPI - assistant messages"],"fullName":"formatMessageForAPI - assistant messages returns an empty array for an assistant message with no parts and no content","status":"passed","title":"returns an empty array for an assistant message with no parts and no content","duration":1.0947000000001026,"failureMessages":[],"meta":{},"tags":[]},{"ancestorTitles":["formatMessageForAPI - assistant messages"],"fullName":"formatMessageForAPI - assistant messages wraps plain text content in an assistant message","status":"passed","title":"wraps plain text content in an assistant message","duration":1.074500000000171,"failureMessages":[],"meta":{},"tags":[]},{"ancestorTitles":["formatMessageForAPI - assistant messages"],"fullName":"formatMessageForAPI - assistant messages wraps reasoning into <thinking> tags and prepends it","status":"passed","title":"wraps reasoning into <thinking> tags and prepends it","duration":4.484300000000076,"failureMessages":[],"meta":{},"tags":[]},{"ancestorTitles":["formatMessageForAPI - assistant messages"],"fullName":"formatMessageForAPI - assistant messages interleaves tool calls with their results in order","status":"passed","title":"interleaves tool calls with their results in order","duration":1.790400000000318,"failureMessages":[],"meta":{},"tags":[]},{"ancestorTitles":["formatMessageForAPI - assistant messages"],"fullName":"formatMessageForAPI - assistant messages serializes non-string tool results as JSON","status":"passed","title":"serializes non-string tool results as JSON","duration":0.8535000000001673,"failureMessages":[],"meta":{},"tags":[]},{"ancestorTitles":["formatMessageForAPI - unknown roles"],"fullName":"formatMessageForAPI - unknown roles falls back to a generic role+content message","status":"passed","title":"falls back to a generic role+content message","duration":0.40659999999979846,"failureMessages":[],"meta":{},"tags":[]},{"ancestorTitles":["formatMessageForAPI - reasoning gating"],"fullName":"formatMessageForAPI - reasoning gating includes reasoning by default","status":"passed","title":"includes reasoning by default","duration":4.860099999999875,"failureMessages":[],"meta":{},"tags":[]},{"ancestorTitles":["formatMessageForAPI - reasoning gating"],"fullName":"formatMessageForAPI - reasoning gating omits reasoning when includeReasoning is false","status":"passed","title":"omits reasoning when includeReasoning is false","duration":0.6967999999997119,"failureMessages":[],"meta":{},"tags":[]},{"ancestorTitles":["formatMessageForAPI - reasoning gating"],"fullName":"formatMessageForAPI - reasoning gating omits reasoning parts when includeReasoning is false (parts shape)","status":"passed","title":"omits reasoning parts when includeReasoning is false (parts shape)","duration":0.8240000000000691,"failureMessages":[],"meta":{},"tags":[]}],"startTime":1787343888043,"endTime":1787343888077.824,"status":"passed","message":"","name":"C:/Users/del/AppData/Roaming/Projects/libre-assistant/tests/message.test.js"},{"assertionResults":[{"ancestorTitles":["stripFrontmatter"],"fullName":"stripFrontmatter strips a leading YAML frontmatter block","status":"passed","title":"strips a leading YAML frontmatter block","duration":28.69250000000011,"failureMessages":[],"meta":{},"tags":[]},{"ancestorTitles":["stripFrontmatter"],"fullName":"stripFrontmatter returns content unchanged when there is no frontmatter","status":"passed","title":"returns content unchanged when there is no frontmatter","duration":1.277599999999893,"failureMessages":[],"meta":{},"tags":[]},{"ancestorTitles":["stripFrontmatter"],"fullName":"stripFrontmatter handles non-string input safely","status":"passed","title":"handles non-string input safely","duration":8.6558,"failureMessages":[],"meta":{},"tags":[]},{"ancestorTitles":["validateNotepad"],"fullName":"validateNotepad accepts a normal-length notepad","status":"passed","title":"accepts a normal-length notepad","duration":1.0985000000000582,"failureMessages":[],"meta":{},"tags":[]},{"ancestorTitles":["validateNotepad"],"fullName":"validateNotepad rejects empty content","status":"passed","title":"rejects empty content","duration":8.210100000000239,"failureMessages":[],"meta":{},"tags":[]},{"ancestorTitles":["validateNotepad"],"fullName":"validateNotepad rejects content that is too short to be meaningful","status":"passed","title":"rejects content that is too short to be meaningful","duration":6.616199999999935,"failureMessages":[],"meta":{},"tags":[]},{"ancestorTitles":["getNotepadSection"],"fullName":"getNotepadSection returns an empty string for an empty notepad","status":"passed","title":"returns an empty string for an empty notepad","duration":0.8982999999998356,"failureMessages":[],"meta":{},"tags":[]},{"ancestorTitles":["getNotepadSection"],"fullName":"getNotepadSection wraps non-empty content with a clear section header","status":"passed","title":"wraps non-empty content with a clear section header","duration":6.604599999999664,"failureMessages":[],"meta":{},"tags":[]},{"ancestorTitles":["getNotepadSection"],"fullName":"getNotepadSection does not inject content that is only whitespace","status":"passed","title":"does not inject content that is only whitespace","duration":4.409800000000359,"failureMessages":[],"meta":{},"tags":[]},{"ancestorTitles":["exportNotepadAsDownload"],"fullName":"exportNotepadAsDownload produces a Blob URL and a revoke function","status":"passed","title":"produces a Blob URL and a revoke function","duration":10.482300000000123,"failureMessages":[],"meta":{},"tags":[]},{"ancestorTitles":["exportNotepadAsDownload"],"fullName":"exportNotepadAsDownload handles missing content gracefully","status":"passed","title":"handles missing content gracefully","duration":5.738500000000386,"failureMessages":[],"meta":{},"tags":[]},{"ancestorTitles":["isNotepadEnabled"],"fullName":"isNotepadEnabled returns true only when the setting is explicitly true","status":"passed","title":"returns true only when the setting is explicitly true","duration":6.132399999999961,"failureMessages":[],"meta":{},"tags":[]},{"ancestorTitles":["migration from legacy notebook layout"],"fullName":"migration from legacy notebook layout moves legacy user_notebook content to user_notepad and strips frontmatter","status":"passed","title":"moves legacy user_notebook content to user_notepad and strips frontmatter","duration":15.230800000000272,"failureMessages":[],"meta":{},"tags":[]},{"ancestorTitles":["migration from legacy notebook layout"],"fullName":"migration from legacy notebook layout removes the legacy global_chatbot_memory key even when nothing to migrate","status":"passed","title":"removes the legacy global_chatbot_memory key even when nothing to migrate","duration":0.63799999999992,"failureMessages":[],"meta":{},"tags":[]},{"ancestorTitles":["migration from legacy notebook layout"],"fullName":"migration from legacy notebook layout does nothing when the new layout is already in place","status":"passed","title":"does nothing when the new layout is already in place","duration":4.106900000000223,"failureMessages":[],"meta":{},"tags":[]},{"ancestorTitles":["loadNotepad"],"fullName":"loadNotepad returns an empty notepad with default metadata when nothing is stored","status":"passed","title":"returns an empty notepad with default metadata when nothing is stored","duration":10.573300000000017,"failureMessages":[],"meta":{},"tags":[]},{"ancestorTitles":["loadNotepad"],"fullName":"loadNotepad returns the stored content and metadata","status":"passed","title":"returns the stored content and metadata","duration":0.6712999999999738,"failureMessages":[],"meta":{},"tags":[]},{"ancestorTitles":["saveNotepad"],"fullName":"saveNotepad writes content and merges metadata, stamping lastUpdated","status":"passed","title":"writes content and merges metadata, stamping lastUpdated","duration":1.0672999999997046,"failureMessages":[],"meta":{},"tags":[]},{"ancestorTitles":["saveNotepad"],"fullName":"saveNotepad preserves metadata fields not in the patch","status":"passed","title":"preserves metadata fields not in the patch","duration":0.594300000000203,"failureMessages":[],"meta":{},"tags":[]},{"ancestorTitles":["resetNotepad"],"fullName":"resetNotepad clears the content and resets metadata","status":"passed","title":"clears the content and resets metadata","duration":0.815900000000056,"failureMessages":[],"meta":{},"tags":[]}],"startTime":1787343880769,"endTime":1787343880913.816,"status":"passed","message":"","name":"C:/Users/del/AppData/Roaming/Projects/libre-assistant/tests/notepad.test.js"},{"assertionResults":[{"ancestorTitles":["buildConsolidationPrompt"],"fullName":"buildConsolidationPrompt frames the task as a REPLACEMENT, not an append","status":"passed","title":"frames the task as a REPLACEMENT, not an append","duration":25.13229999999976,"failureMessages":[],"meta":{},"tags":[]},{"ancestorTitles":["buildConsolidationPrompt"],"fullName":"buildConsolidationPrompt embeds the previous notepad and the new summaries","status":"passed","title":"embeds the previous notepad and the new summaries","duration":84.45230000000038,"failureMessages":[],"meta":{},"tags":[]},{"ancestorTitles":["buildConsolidationPrompt"],"fullName":"buildConsolidationPrompt forbids sycophantic tone explicitly","status":"passed","title":"forbids sycophantic tone explicitly","duration":1.408100000000104,"failureMessages":[],"meta":{},"tags":[]},{"ancestorTitles":["buildConsolidationPrompt"],"fullName":"buildConsolidationPrompt forbids invented personality or filled-in gaps","status":"passed","title":"forbids invented personality or filled-in gaps","duration":0.9998999999997977,"failureMessages":[],"meta":{},"tags":[]},{"ancestorTitles":["buildConsolidationPrompt"],"fullName":"buildConsolidationPrompt signals that the model can choose any size or structure","status":"passed","title":"signals that the model can choose any size or structure","duration":3.187800000000152,"failureMessages":[],"meta":{},"tags":[]},{"ancestorTitles":["buildConsolidationPrompt"],"fullName":"buildConsolidationPrompt falls back to a placeholder for empty previous notepad","status":"passed","title":"falls back to a placeholder for empty previous notepad","duration":0.621900000000096,"failureMessages":[],"meta":{},"tags":[]},{"ancestorTitles":["shouldRunNotepadPipeline"],"fullName":"shouldRunNotepadPipeline returns shouldRun:false when no triggers fire and no orphans","status":"passed","title":"returns shouldRun:false when no triggers fire and no orphans","duration":3.4027000000000953,"failureMessages":[],"meta":{},"tags":[]},{"ancestorTitles":["shouldRunNotepadPipeline"],"fullName":"shouldRunNotepadPipeline triggers when ≥5 chats need summarization","status":"passed","title":"triggers when ≥5 chats need summarization","duration":0.9605000000001382,"failureMessages":[],"meta":{},"tags":[]},{"ancestorTitles":["shouldRunNotepadPipeline"],"fullName":"shouldRunNotepadPipeline does NOT re-process summaries just because they are newer than lastUpdated","status":"passed","title":"does NOT re-process summaries just because they are newer than lastUpdated","duration":1.9076999999997497,"failureMessages":[],"meta":{},"tags":[]},{"ancestorTitles":["shouldRunNotepadPipeline"],"fullName":"shouldRunNotepadPipeline triggers when a day has passed and there are un-incorporated summaries","status":"passed","title":"triggers when a day has passed and there are un-incorporated summaries","duration":1.3600000000001273,"failureMessages":[],"meta":{},"tags":[]}],"startTime":1787343884675,"endTime":1787343884801.36,"status":"passed","message":"","name":"C:/Users/del/AppData/Roaming/Projects/libre-assistant/tests/notepadPipeline.test.js"},{"assertionResults":[{"ancestorTitles":["PartsBuilder","initial state"],"fullName":"PartsBuilder initial state starts with no parts","status":"passed","title":"starts with no parts","duration":10.11680000000024,"failureMessages":[],"meta":{},"tags":[]},{"ancestorTitles":["PartsBuilder","appendContent"],"fullName":"PartsBuilder appendContent creates a new content part on first append","status":"passed","title":"creates a new content part on first append","duration":3.3944000000001324,"failureMessages":[],"meta":{},"tags":[]},{"ancestorTitles":["PartsBuilder","appendContent"],"fullName":"PartsBuilder appendContent concatenates to an existing open content part","status":"passed","title":"concatenates to an existing open content part","duration":3.8463999999999032,"failureMessages":[],"meta":{},"tags":[]},{"ancestorTitles":["PartsBuilder","appendContent"],"fullName":"PartsBuilder appendContent ignores empty/null content","status":"passed","title":"ignores empty/null content","duration":0.4800999999997657,"failureMessages":[],"meta":{},"tags":[]},{"ancestorTitles":["PartsBuilder","finalizeCon
[...]
orTitles":["clampSandboxTimeout"],"fullName":"clampSandboxTimeout falls back to the default for invalid input","status":"passed","title":"falls back to the default for invalid input","duration":1.5183999999999287,"failureMessages":[],"meta":{},"tags":[]},{"ancestorTitles":["clampSandboxTimeout"],"fullName":"clampSandboxTimeout clamps to the allowed range and floors fractional values","status":"passed","title":"clamps to the allowed range and floors fractional values","duration":0.6942000000003645,"failureMessages":[],"meta":{},"tags":[]},{"ancestorTitles":["buildSandboxWorkerSource"],"fullName":"buildSandboxWorkerSource blocks network access surfaces","status":"passed","title":"blocks network access surfaces","duration":2.8564000000001215,"failureMessages":[],"meta":{},"tags":[]},{"ancestorTitles":["buildSandboxWorkerSource"],"fullName":"buildSandboxWorkerSource removes origin-storage escape hatches (critical)","status":"passed","title":"removes origin-storage escape hatches (critical)","duration":0.7563000000000102,"failureMessages":[],"meta":{},"tags":[]},{"ancestorTitles":["buildSandboxWorkerSource"],"fullName":"buildSandboxWorkerSource authenticates the message protocol with a closure-held run token","status":"passed","title":"authenticates the message protocol with a closure-held run token","duration":0.5508999999997286,"failureMessages":[],"meta":{},"tags":[]},{"ancestorTitles":["buildSandboxWorkerSource"],"fullName":"buildSandboxWorkerSource supports top-level await/return and captures console output","status":"passed","title":"supports top-level await/return and captures console output","duration":1.2484999999996944,"failureMessages":[],"meta":{},"tags":[]},{"ancestorTitles":["buildSandboxWorkerSource"],"fullName":"buildSandboxWorkerSource embeds the shared helper implementations (single source of truth)","status":"passed","title":"embeds the shared helper implementations (single source of truth)","duration":0.40239999999994325,"failureMessages":[],"meta":{},"tags":[]},{"ancestorTitles":["buildSandboxWorkerSource"],"fullName":"buildSandboxWorkerSource exposes only the three workspace bridge functions","status":"passed","title":"exposes only the three workspace bridge functions","duration":0.47089999999980137,"failureMessages":[],"meta":{},"tags":[]}],"startTime":1787343887885,"endTime":1787343887924.471,"status":"passed","message":"","name":"C:/Users/del/AppData/Roaming/Projects/libre-assistant/tests/sandbox.test.js"},{"assertionResults":[{"ancestorTitles":["splitIntoBlocks"],"fullName":"splitIntoBlocks returns a single empty block for empty input","status":"passed","title":"returns a single empty block for empty input","duration":28.625100000000202,"failureMessages":[],"meta":{},"tags":[]},{"ancestorTitles":["splitIntoBlocks"],"fullName":"splitIntoBlocks keeps a single paragraph as one block","status":"passed","title":"keeps a single paragraph as one block","duration":6.347999999999956,"failureMessages":[],"meta":{},"tags":[]},{"ancestorTitles":["splitIntoBlocks"],"fullName":"splitIntoBlocks keeps plain paragraphs together across a blank line","status":"passed","title":"keeps plain paragraphs together across a blank line","duration":1.4162000000001171,"failureMessages":[],"meta":{},"tags":[]},{"ancestorTitles":["splitIntoBlocks"],"fullName":"splitIntoBlocks keeps a code fence containing blank lines as ONE block","status":"passed","title":"keeps a code fence containing blank lines as ONE block","duration":7.478499999999713,"failureMessages":[],"meta":{},"tags":[]},{"ancestorTitles":["splitIntoBlocks"],"fullName":"splitIntoBlocks does not split inside an UNTERMINATED code fence (streaming tail)","status":"passed","title":"does not split inside an UNTERMINATED code fence (streaming tail)","duration":1.054700000000139,"failureMessages":[],"meta":{},"tags":[]},{"ancestorTitles":["splitIntoBlocks"],"fullName":"splitIntoBlocks starts a new block when a heading follows a blank line","status":"passed","title":"starts a new block when a heading follows a blank line","duration":0.9980000000000473,"failureMessages":[],"meta":{},"tags":[]},{"ancestorTitles":["splitIntoBlocks"],"fullName":"splitIntoBlocks starts a new block when a list follows a blank line","status":"passed","title":"starts a new block when a list follows a blank line","duration":0.7272000000002663,"failureMessages":[],"meta":{},"tags":[]},{"ancestorTitles":["splitIntoBlocks"],"fullName":"splitIntoBlocks starts a new block when an ordered list follows a blank line","status":"passed","title":"starts a new block when an ordered list follows a blank line","duration":0.5621000000001004,"failureMessages":[],"meta":{},"tags":[]},{"ancestorTitles":["splitIntoBlocks"],"fullName":"splitIntoBlocks does NOT split on a blank line followed by plain prose","status":"passed","title":"does NOT split on a blank line followed by plain prose","duration":1.5871000000001914,"failureMessages":[],"meta":{},"tags":[]},{"ancestorTitles":["splitIntoBlocks"],"fullName":"splitIntoBlocks does not treat fence markers inside a fence as boundaries","status":"passed","title":"does not treat fence markers inside a fence as boundaries","duration":2.157100000000355,"failureMessages":[],"meta":{},"tags":[]},{"ancestorTitles":["splitIntoBlocks"],"fullName":"splitIntoBlocks keeps content joined across multiple consecutive blank lines","status":"passed","title":"keeps content joined across multiple consecutive blank lines","duration":0.5257000000001426,"failureMessages":[],"meta":{},"tags":[]},{"ancestorTitles":["addCaretToHtml"],"fullName":"addCaretToHtml returns just the caret for empty html","status":"passed","title":"returns just the caret for empty html","duration":0.6282000000001062,"failureMessages":[],"meta":{},"tags":[]},{"ancestorTitles":["addCaretToHtml"],"fullName":"addCaretToHtml inserts the caret before the last closing tag","status":"passed","title":"inserts the caret before the last closing tag","duration":0.45100000000002183,"failureMessages":[],"meta":{},"tags":[]},{"ancestorTitles":["addCaretToHtml"],"fullName":"addCaretToHtml appends the caret when there is no trailing closing tag","status":"passed","title":"appends the caret when there is no trailing closing tag","duration":0.4699999999997999,"failureMessages":[],"meta":{},"tags":[]}],"startTime":1787343887671,"endTime":1787343887726.47,"status":"passed","message":"","name":"C:/Users/del/AppData/Roaming/Projects/libre-assistant/tests/streamBlocks.test.js"},{"assertionResults":[{"ancestorTitles":["generateSystemPrompt"],"fullName":"generateSystemPrompt joins sections with real newlines, not literal backslash-n text","status":"passed","title":"joins sections with real newlines, not literal backslash-n text","duration":7.100500000000011,"failureMessages":[],"meta":{},"tags":[]},{"ancestorTitles":["generateSystemPrompt"],"fullName":"generateSystemPrompt includes sandbox awareness when code tools are offered","status":"passed","title":"includes sandbox awareness when code tools are offered","duration":0.9347999999999956,"failureMessages":[],"meta":{},"tags":[]},{"ancestorTitles":["generateSystemPrompt"],"fullName":"generateSystemPrompt omits tool sections entirely when tool use is unsupported","status":"passed","title":"omits tool sections entirely when tool use is unsupported","duration":0.4976999999998952,"failureMessages":[],"meta":{},"tags":[]},{"ancestorTitles":["generateSystemPrompt"],"fullName":"generateSystemPrompt lists every offered tool by name in the tools section","status":"passed","title":"lists every offered tool by name in the tools section","duration":0.6390999999998712,"failureMessages":[],"meta":{},"tags":[]},{"ancestorTitles":["generateSystemPrompt"],"fullName":"generateSystemPrompt places custom instructions last","status":"passed","title":"places custom instructions last","duration":0.6657000000000153,"failureMessages":[],"meta":{},"tags":[]}],"startTime":1787343888720,"endTime":1787343888730.6658,"status":"passed","message":"","name":"C:/Users/del/AppData/Roaming/Projects/libre-assistant/tests/systemPrompt.test.js"},{"assertionResults":[{"ancestorTitles":["ToolManager (custom-registered tool, no defaults)"],"fullName":"ToolManager (custom-registered tool, no defaults) registers a tool and looks it up by name","status":"passed","title":"registers a tool and looks it up by name","duration":32.673899999999776,"failureMessages":[],"meta":{},"tags":[]},{"ancestorTitles":["ToolManager (custom-registered tool, no defaults)"],"fullName":"ToolManager (custom-registered tool, no defaults) unregisters a tool","status":"passed","title":"unregisters a tool","duration":3.3916999999996733,"failureMessages":[],"meta":{},"tags":[]},{"ancestorTitles":["ToolManager (custom-registered tool, no defaults)"],"fullName":"ToolManager (custom-registered tool, no defaults) getToolNames lists all registered tools","status":"passed","title":"getToolNames lists all registered tools","duration":12.235099999999875,"failureMessages":[],"meta":{},"tags":[]},{"ancestorTitles":["ToolManager (custom-registered tool, no defaults)"],"fullName":"ToolManager (custom-registered tool, no defaults) getToolSchemas returns an array of schemas","status":"passed","title":"getToolSchemas returns an array of schemas","duration":14.144700000000284,"failureMessages":[],"meta":{},"tags":[]},{"ancestorTitles":["ToolManager (custom-registered tool, no defaults)"],"fullName":"ToolManager (custom-registered tool, no defaults) getSchemasByNames returns only the requested ones (and ignores unknowns)","status":"passed","title":"getSchemasByNames returns only the requested ones (and ignores unknowns)","duration":1.8987999999999374,"failureMessages":[],"meta":{},"tags":[]},{"ancestorTitles":["ToolManager (custom-registered tool, no defaults)"],"fullName":"ToolManager (custom-registered tool, no defaults) getSchemasByNames returns [] for an empty list","status":"passed","title":"getSchemasByNames returns [] for an empty list","duration":0.845600000000104,"failureMessages":[],"meta":{},"tags":[]},{"ancestorTitles":["ToolManager.executeTool"],"fullName":"ToolManager.executeTool invokes the registered executor with the given args","status":"passed","title":"invokes the registered executor with the given args","duration":6.679999999999836,"failureMessages":[],"meta":{},"tags":[]},{"ancestorTitles":["ToolManager.executeTool"],"fullName":"ToolManager.executeTool throws when the tool is not registered","status":"passed","title":"throws when the tool is not registered","duration":4.0405000000000655,"failureMessages":[],"meta":{},"tags":[]},{"ancestorTitles":["default `search` tool (with mocked fetch)"],"fullName":"default `search` tool (with mocked fetch) calls /api/search with the right query string and auth header","status":"passed","title":"calls /api/search with the right query string and auth header","duration":9.90689999999995,"failureMessages":[],"meta":{},"tags":[]},{"ancestorTitles":["default `search` tool (with mocked fetch)"],"fullName":"default `search` tool (with mocked fetch) returns an empty list with a message when the API finds nothing","status":"passed","title":"returns an empty list with a message when the API finds nothing","duration":2.854399999999714,"failureMessages":[],"meta":{},"tags":[]},{"ancestorTitles":["default `search` tool (with mocked fetch)"],"fullName":"default `search` tool (with mocked fetch) throws when called without a query","status":"passed","title":"throws when called without a query","duration":47.89240000000018,"failureMessages":[],"meta":{},"tags":[]},{"ancestorTitles":["ToolManager (code sandbox + workspace tools)"],"fullName":"ToolManager (code sandbox + workspace tools) registers all four sandbox/workspace tools with schemas","status":"passed","title":"registers all four sandbox/workspace tools with schemas","duration":4.9529999999999745,"failureMessages":[],"meta":{},"tags":[]},{"ancestorTitles":["ToolManager (code sandbox + workspace tools)"],"fullName":"ToolManager (code sandbox + workspace tools) run_javascript rejects empty or missing code before starting a worker","status":"passed","title":"run_javascript rejects empty or missing code before starting a worker","duration":10.11790000000019,"failureMessages":[],"meta":{},"tags":[]},{"ancestorTitles":["ToolManager (code sandbox + workspace tools)"],"fullName":"ToolManager (code sandbox + workspace tools) write_file validates its arguments","status":"passed","title":"write_file validates its arguments","duration":13.442799999999806,"failureMessages":[],"meta":{},"tags":[]},{"ancestorTitles":["ToolManager (code sandbox + workspace tools)"],"fullName":"ToolManager (code sandbox + workspace tools) read_file and write_file round-trip through the workspace","status":"passed","title":"read_file and write_file round-trip through the workspace","duration":3.524000000000342,"failureMessages":[],"meta":{},"tags":[]},{"ancestorTitles":["ToolManager (code sandbox + workspace tools)"],"fullName":"ToolManager (code sandbox + workspace tools) list_files returns files with a maxEntries marker","status":"passed","title":"list_files returns files with a maxEntries marker","duration":1.6876000000002023,"failureMessages":[],"meta":{},"tags":[]}],"startTime":1787343880798,"endTime":1787343880970.6875,"status":"passed","message":"","name":"C:/Users/del/AppData/Roaming/Projects/libre-assistant/tests/toolsManager.test.js"},{"assertionResults":[{"ancestorTitles":["validateUpstreamBaseUrl"],"fullName":"validateUpstreamBaseUrl accepts public https URLs and normalizes them","status":"passed","title":"accepts public https URLs and normalizes them","duration":7.44419999999991,"failureMessages":[],"meta":{},"tags":[]},{"ancestorTitles":["validateUpstreamBaseUrl"],"fullName":"validateUpstreamBaseUrl strips embedded credentials","status":"passed","title":"strips embedded credentials","duration":1.5156999999999243,"failureMessages":[],"meta":{},"tags":[]},{"ancestorTitles":["validateUpstreamBaseUrl"],"fullName":"validateUpstreamBaseUrl rejects non-URL junk and unsupported protocols","status":"passed","title":"rejects non-URL junk and unsupported protocols","duration":1.3829000000000633,"failureMessages":[],"meta":{},"tags":[]},{"ancestorTitles":["validateUpstreamBaseUrl"],"fullName":"validateUpstreamBaseUrl rejects plaintext http for public hosts (key would be sent in cleartext)","status":"passed","title":"rejects plaintext http for public hosts (key would be sent in cleartext)","duration":2.768000000000029,"failureMessages":[],"meta":{},"tags":[]},{"ancestorTitles":["validateUpstreamBaseUrl"],"fullName":"validateUpstreamBaseUrl rejects loopback and private targets by default","status":"passed","title":"rejects loopback and private targets by default","duration":1.9029999999997926,"failureMessages":[],"meta":{},"tags":[]},{"ancestorTitles":["validateUpstreamBaseUrl"],"fullName":"validateUpstreamBaseUrl allows loopback/private targets when the operator opts in","status":"passed","title":"allows loopback/private targets when the operator opts in","duration":1.3034999999999854,"failureMessages":[],"meta":{},"tags":[]},{"ancestorTitles":["validateUpstreamBaseUrl"],"fullName":"validateUpstreamBaseUrl rejects private-range boundaries outside 172.16-31","status":"passed","title":"rejects private-range boundaries outside 172.16-31","duration":0.4960000000000946,"failureMessages":[],"meta":{},"tags":[]},{"ancestorTitles":["joinUpstreamPath"],"fullName":"joinUpstreamPath joins without double slashes","status":"passed","title":"joins without double slashes","duration":0.6772999999998319,"failureMessages":[],"meta":{},"tags":[]}],"startTime":1787343880507,"endTime":1787343880527.6772,"status":"passed","message":"","name":"C:/Users/del/AppData/Roaming/Projects/libre-assistant/tests/upstreamValidator.test.js"},{"assertionResults":[{"ancestorTitles":["sanitizeWorkspacePath"],"fullName":"sanitizeWorkspacePath normalizes slashes and drops empty/dot segments","status":"passed","title":"normalizes slashes and drops empty/dot segments","duration":8.846700000000055,"failureMessages":[],"meta":{},"tags":[]},{"ancestorTitles":["sanitizeWorkspacePath"],"fullName":"sanitizeWorkspacePath rejects traversal","status":"passed","title":"rejects traversal","duration":1.8526999999999134,"failureMessages":[],"meta":{},"tags":[]},{"ancestorTitles":["sanitizeWorkspacePath"],"fullName":"sanitizeWorkspacePath rejects non-strings, control characters, and oversized paths","status":"passed","title":"rejects non-strings, control characters, and oversized paths","duration":1.2485000000001492,"failureMessages":[],"meta":{},"tags":[]},{"ancestorTitles":["sanitizeWorkspacePath"],"fullName":"sanitizeWorkspacePath rejects excessive depth","status":"passed","title":"rejects excessive depth","duration":0.6488000000003922,"failureMessages":[],"meta":{},"tags":[]},{"ancestorTitles":["workspace ops on the default root (in-memory fallback)"],"fullName":"workspace ops on the default root (in-memory fallback) writes, reads, and lists files with nested directories","status":"passed","title":"writes, reads, and lists files with nested directories","duration":5.546600000000126,"failureMessages":[],"meta":{},"tags":[]},{"ancestorTitles":["workspace ops on the default root (in-memory fallback)"],"fullName":"workspace ops on the default root (in-memory fallback) round-trips unicode content and reports accurate byte size","status":"passed","title":"round-trips unicode content and reports accurate byte size","duration":1.422900000000027,"failureMessages":[],"meta":{},"tags":[]},{"ancestorTitles":["workspace ops on the default root (in-memory fallback)"],"fullName":"workspace ops on the default root (in-memory fallback) errors on missing files and empty file names","status":"passed","title":"errors on missing files and empty file names","duration":5.669399999999769,"failureMessages":[],"meta":{},"tags":[]},{"ancestorTitles":["workspace ops on the default root (in-memory fallback)"],"fullName":"workspace ops on the default root (in-memory fallback) enforces sanitization through the public API","status":"passed","title":"enforces sanitization through the public API","duration":1.7516000000000531,"failureMessages":[],"meta":{},"tags":[]},{"ancestorTitles":["workspace ops against OPFS-shaped handles"],"fullName":"workspace ops against OPFS-shaped handles creates parent directories and round-trips content","status":"passed","title":"creates parent directories and round-trips content","duration":2.1732999999999265,"failureMessages":[],"meta":{},"tags":[]},{"ancestorTitles":["workspace ops against OPFS-shaped handles"],"fullName":"workspace ops against OPFS-shaped handles recursive listing sorts by path and reports sizes","status":"passed","title":"recursive listing sorts by path and reports sizes","duration":1.9418000000000575,"failureMessages":[],"meta":{},"tags":[]},{"ancestorTitles":["workspace ops against OPFS-shaped handles"],"fullName":"workspace ops against OPFS-shaped handles throws a friendly error for missing files","status":"passed","title":"throws a friendly error for missing files","duration":1.3513000000002648,"failureMessages":[],"meta":{},"tags":[]},{"ancestorTitles":["workspace ops against OPFS-shaped handles"],"fullName":"workspace ops against OPFS-shaped handles stops listing at the entry cap and flags truncation","status":"passed","title":"stops listing at the entry cap and flags truncation","duration":2.50649999999996,"failureMessages":[],"meta":{},"tags":[]},{"ancestorTitles":["workspace ops against OPFS-shaped handles"],"fullName":"workspace ops against OPFS-shaped handles rejects invalid paths injected through the tools layer","status":"passed","title":"rejects invalid paths injected through the tools layer","duration":1.244300000000294,"failureMessages":[],"meta":{},"tags":[]}],"startTime":1787343887582,"endTime":1787343887623.2444,"status":"passed","message":"","name":"C:/Users/del/AppData/Roaming/Projects/libre-assistant/tests/workspace.test.js"}]}